<?xml version="1.0" encoding="UTF-8" ?>
<testsuite failures="0" time="1.156" errors="0" skipped="0" tests="12" name="jp.co.altxt2db.logic.Altxt2DbLogicTest">
  <properties>
    <property name="java.runtime.name" value="Java(TM) SE Runtime Environment"/>
    <property name="sun.boot.library.path" value="C:\tisdev\java\jdk1.7.0\jre\bin"/>
    <property name="java.vm.version" value="24.45-b08"/>
    <property name="java.vm.vendor" value="Oracle Corporation"/>
    <property name="java.vendor.url" value="http://java.oracle.com/"/>
    <property name="path.separator" value=";"/>
    <property name="guice.disable.misplaced.annotation.check" value="true"/>
    <property name="java.vm.name" value="Java HotSpot(TM) Client VM"/>
    <property name="file.encoding.pkg" value="sun.io"/>
    <property name="user.script" value=""/>
    <property name="user.country" value="JP"/>
    <property name="sun.java.launcher" value="SUN_STANDARD"/>
    <property name="sun.os.patch.level" value="Service Pack 1"/>
    <property name="java.vm.specification.name" value="Java Virtual Machine Specification"/>
    <property name="user.dir" value="C:\tisdev\workspace\altxt2db"/>
    <property name="java.runtime.version" value="1.7.0_45-b18"/>
    <property name="java.awt.graphicsenv" value="sun.awt.Win32GraphicsEnvironment"/>
    <property name="java.endorsed.dirs" value="C:\tisdev\java\jdk1.7.0\jre\lib\endorsed"/>
    <property name="os.arch" value="x86"/>
    <property name="java.io.tmpdir" value="C:\Users\TIS302~1\AppData\Local\Temp\"/>
    <property name="line.separator" value="
"/>
    <property name="java.vm.specification.vendor" value="Oracle Corporation"/>
    <property name="user.variant" value=""/>
    <property name="os.name" value="Windows 7"/>
    <property name="classworlds.conf" value="C:\tisdev\workspace\.metadata\.plugins\org.maven.ide.eclipse\launches\m2conf1429259984767376432.tmp"/>
    <property name="sun.jnu.encoding" value="MS932"/>
    <property name="java.library.path" value="C:\tisdev\java\jdk1.7.0\bin;C:\windows\Sun\Java\bin;C:\windows\system32;C:\windows;C:\oraclexe\app\oracle\product\11.2.0\server\bin;C:\Program Files\Common Files\Microsoft Shared\Windows Live;C:\Program Files (x86)\Common Files\Microsoft Shared\Windows Live;C:\windows\system32;C:\windows;C:\windows\System32\Wbem;C:\windows\System32\WindowsPowerShell\v1.0\;C:\Program Files (x86)\Windows Live\Shared;C:\Program Files\TortoiseSVN\bin;C:\Program Files (x86)\SlikSvn\bin\;E:\開発用ツール\キャプチャ\CrenaHtml2jpg-v1.20;C:\Program;Files\Microsoft\Web Platform Installer\;C:\Program Files (x86)\Resource Kit\;C:\Program Files\Microsoft SQL Server\110\Tools\Binn\;C:\Program Files (x86)\nodejs\;C:\Program Files (x86)\Microsoft SQL Server\110\Tools\Binn\ManagementStudio\;C:\Program Files (x86)\Microsoft SQL Server\110\Tools\Binn\;C:\Program Files (x86)\Microsoft Visual Studio 10.0\Common7\IDE\PrivateAssemblies\;C:\Program Files (x86)\Microsoft SQL Server\110\DTS\Binn\;C:\Users\tis302852\AppData\Roaming\npm\;."/>
    <property name="java.specification.name" value="Java Platform API Specification"/>
    <property name="java.class.version" value="51.0"/>
    <property name="sun.management.compiler" value="HotSpot Client Compiler"/>
    <property name="os.version" value="6.1"/>
    <property name="user.home" value="C:\Users\tis302852"/>
    <property name="user.timezone" value="Asia/Tokyo"/>
    <property name="java.awt.printerjob" value="sun.awt.windows.WPrinterJob"/>
    <property name="java.specification.version" value="1.7"/>
    <property name="file.encoding" value="UTF-8"/>
    <property name="user.name" value="tie302852"/>
    <property name="java.class.path" value="C:\tisdev\apache\apache-maven-3.0.4\boot\plexus-classworlds-2.4.jar"/>
    <property name="java.vm.specification.version" value="1.7"/>
    <property name="sun.arch.data.model" value="32"/>
    <property name="java.home" value="C:\tisdev\java\jdk1.7.0\jre"/>
    <property name="sun.java.command" value="org.codehaus.plexus.classworlds.launcher.Launcher -B -s C:/tisdev\apache\apache-maven-3.0.4\conf\settings.xml package"/>
    <property name="java.specification.vendor" value="Oracle Corporation"/>
    <property name="user.language" value="ja"/>
    <property name="awt.toolkit" value="sun.awt.windows.WToolkit"/>
    <property name="java.vm.info" value="mixed mode"/>
    <property name="java.version" value="1.7.0_45"/>
    <property name="java.ext.dirs" value="C:\tisdev\java\jdk1.7.0\jre\lib\ext;C:\windows\Sun\Java\lib\ext"/>
    <property name="sun.boot.class.path" value="C:\tisdev\java\jdk1.7.0\jre\lib\resources.jar;C:\tisdev\java\jdk1.7.0\jre\lib\rt.jar;C:\tisdev\java\jdk1.7.0\jre\lib\sunrsasign.jar;C:\tisdev\java\jdk1.7.0\jre\lib\jsse.jar;C:\tisdev\java\jdk1.7.0\jre\lib\jce.jar;C:\tisdev\java\jdk1.7.0\jre\lib\charsets.jar;C:\tisdev\java\jdk1.7.0\jre\lib\jfr.jar;C:\tisdev\java\jdk1.7.0\jre\classes"/>
    <property name="java.vendor" value="Oracle Corporation"/>
    <property name="maven.home" value="C:\tisdev\apache\apache-maven-3.0.4"/>
    <property name="file.separator" value="\"/>
    <property name="java.vendor.url.bug" value="http://bugreport.sun.com/bugreport/"/>
    <property name="sun.cpu.endian" value="little"/>
    <property name="sun.io.unicode.encoding" value="UnicodeLittle"/>
    <property name="sun.desktop" value="windows"/>
    <property name="sun.cpu.isalist" value="pentium_pro+mmx pentium_pro pentium+mmx pentium i486 i386 i86"/>
  </properties>
  <testcase time="0.437" classname="jp.co.altxt2db.logic.Altxt2DbLogicTest" name="testEmpty2At"/>
  <testcase time="0.068" classname="jp.co.altxt2db.logic.Altxt2DbLogicTest" name="testIsAt"/>
  <testcase time="0.081" classname="jp.co.altxt2db.logic.Altxt2DbLogicTest" name="testMAt2sAt"/>
  <testcase time="0.057" classname="jp.co.altxt2db.logic.Altxt2DbLogicTest" name="testCreateAtList"/>
  <testcase time="0.06" classname="jp.co.altxt2db.logic.Altxt2DbLogicTest" name="testIsAllEmpty"/>
  <testcase time="0.067" classname="jp.co.altxt2db.logic.Altxt2DbLogicTest" name="testMakeMerge2MainSql"/>
  <testcase time="0.052" classname="jp.co.altxt2db.logic.Altxt2DbLogicTest" name="testMakeMerge2WorkSql"/>
  <testcase time="0.057" classname="jp.co.altxt2db.logic.Altxt2DbLogicTest" name="testCreateMergeVals"/>
  <testcase time="0.044" classname="jp.co.altxt2db.logic.Altxt2DbLogicTest" name="testCreateMergeVals2"/>
  <testcase time="0.041" classname="jp.co.altxt2db.logic.Altxt2DbLogicTest" name="testMakeDropWorkSql"/>
  <testcase time="0.048" classname="jp.co.altxt2db.logic.Altxt2DbLogicTest" name="testMakeCreateWorkSql"/>
  <testcase time="0.043" classname="jp.co.altxt2db.logic.Altxt2DbLogicTest" name="testMakeDeleteChildSql"/>
</testsuite>